<?xml version="1.0" encoding="UTF-8"?>
<testng-results ignored="0" total="1" passed="1" failed="0" skipped="0">
  <reporter-output>
  </reporter-output>
  <suite started-at="2023-08-27T10:53:03 IST" name="Default suite" finished-at="2023-08-27T10:53:37 IST" duration-ms="33761">
    <groups>
    </groups>
    <test started-at="2023-08-27T10:53:03 IST" name="Default test" finished-at="2023-08-27T10:53:37 IST" duration-ms="33761">
      <class name="package1.class1">
        <test-method signature="m1()[pri:0, instance:package1.class1@606e4010]" started-at="2023-08-27T10:53:03 IST" name="m1" finished-at="2023-08-27T10:53:37 IST" duration-ms="33538" status="PASS">
          <reporter-output>
          </reporter-output>
        </test-method> <!-- m1 -->
      </class> <!-- package1.class1 -->
    </test> <!-- Default test -->
  </suite> <!-- Default suite -->
</testng-results>
